#
# There is insufficient memory for the Java Runtime Environment to continue.
# Native memory allocation (malloc) failed to allocate 703920 bytes for Chunk::new
# Possible reasons:
#   The system is out of physical RAM or swap space
#   In 32 bit mode, the process size limit was hit
# Possible solutions:
#   Reduce memory load on the system
#   Increase physical memory or swap space
#   Check if swap backing store is full
#   Use 64 bit Java on a 64 bit OS
#   Decrease Java heap size (-Xmx/-Xms)
#   Decrease number of Java threads
#   Decrease Java thread stack sizes (-Xss)
#   Set larger code cache with -XX:ReservedCodeCacheSize=
# This output file may be truncated or incomplete.
#
#  Out of Memory Error (allocation.cpp:328), pid=20565, tid=1749740352
#
# JRE version: 7.0_09-b30
# Java VM: OpenJDK Server VM (23.2-b09 mixed mode linux-x86 )
# Failed to write core dump. Core dumps have been disabled. To enable core dumping, try "ulimit -c unlimited" before starting Java again
#

---------------  T H R E A D  ---------------

Current thread (0x689fcc00):  JavaThread "C2 CompilerThread0" daemon [_thread_in_native, id=20577, stack(0x6842e000,0x684af000)]

Stack: [0x6842e000,0x684af000]

Current CompileTask:
C2:  54811   94             org.mozilla.javascript.optimizer.BodyCodegen::generateExpression (2953 bytes)


---------------  P R O C E S S  ---------------

Java Threads: ( => current thread )
  0x68300400 JavaThread "Service Thread" daemon [_thread_blocked, id=20579, stack(0x6822e000,0x6827f000)]
  0x689fec00 JavaThread "C2 CompilerThread1" daemon [_thread_blocked, id=20578, stack(0x6827f000,0x68300000)]
=>0x689fcc00 JavaThread "C2 CompilerThread0" daemon [_thread_in_native, id=20577, stack(0x6842e000,0x684af000)]
  0x689fb000 JavaThread "Signal Dispatcher" daemon [_thread_blocked, id=20576, stack(0x684af000,0x68500000)]
  0x689b9400 JavaThread "Finalizer" daemon [_thread_blocked, id=20573, stack(0x6bc2e000,0x6bc7f000)]
  0x689b7400 JavaThread "Reference Handler" daemon [_thread_blocked, id=20572, stack(0x6bf2e000,0x6bf7f000)]
  0xb6506800 JavaThread "main" [_thread_in_native, id=20566, stack(0xb662f000,0xb6680000)]

Other Threads:
  0x689b1000 VMThread [stack: 0x68a09000,0x68a8a000] [id=20571]
  0x68302400 WatcherThread [stack: 0x681ad000,0x6822e000] [id=20580]

VM state:not at safepoint (normal execution)

VM Mutex/Monitor currently owned by a thread: None

Heap
 PSYoungGen      total 18816K, used 16192K [0x9e490000, 0x9f980000, 0xb33e0000)
  eden space 16192K, 100% used [0x9e490000,0x9f460000,0x9f460000)
  from space 2624K, 0% used [0x9f6f0000,0x9f6f0000,0x9f980000)
  to   space 2624K, 0% used [0x9f460000,0x9f460000,0x9f6f0000)
 ParOldGen       total 42880K, used 0K [0x745e0000, 0x76fc0000, 0x9e490000)
  object space 42880K, 0% used [0x745e0000,0x745e0000,0x76fc0000)
 PSPermGen       total 16384K, used 4801K [0x6c5e0000, 0x6d5e0000, 0x745e0000)
  object space 16384K, 29% used [0x6c5e0000,0x6ca90400,0x6d5e0000)

Card table byte_map: [0x6c3a8000,0x6c5e0000] byte_map_base: 0x6c045100

Polling page: 0xb7705000

Code Cache  [0xb34a4000, 0xb36e4000, 0xb64a4000)
 total_blobs=243 nmethods=109 adapters=86 free_code_cache=48551Kb largest_free_block=49694912

Compilation events (10 events):
Event: 54.383 Thread 0x689fcc00 nmethod 91 0xb3503d48 code [0xb3503f00, 0xb35045c0]
Event: 54.383 Thread 0x689fcc00   92             org.mozilla.classfile.ClassFileWriter::addALoad (10 bytes)
Event: 54.384 Thread 0x689fcc00 nmethod 92 0xb3503a88 code [0xb3503b80, 0xb3503bfc]
Event: 54.384 Thread 0x689fcc00   93             org.mozilla.javascript.Node::lookupProperty (27 bytes)
Event: 54.384 Thread 0x689fcc00 nmethod 93 0xb35252c8 code [0xb35253c0, 0xb3525430]
Event: 54.389 Thread 0x689fcc00   94             org.mozilla.javascript.optimizer.BodyCodegen::generateExpression (2953 bytes)
Event: 54.393 Thread 0x689fec00 nmethod 89 0xb352c408 code [0xb352c7a0, 0xb352e418]
Event: 54.393 Thread 0x689fec00   95             org.mozilla.javascript.optimizer.BodyCodegen::generateStatement (1310 bytes)
Event: 54.454 Thread 0x689fec00 nmethod 95 0xb352fb48 code [0xb35306c0, 0xb3532ad4]
Event: 54.501 Thread 0x689fec00   96             org.mozilla.javascript.UintMap::findIndex (104 bytes)

GC Heap History (0 events):
No events

Deoptimization events (1 events):
Event: 54.241 Thread 0xb6506800 Uncommon trap -83 fr.pc 0xb3501d70

Internal exceptions (10 events):
Event: 54.272 Thread 0xb6506800 Threw 0x9eefb3d0 at /build/buildd/openjdk-7-7u9-2.3.3/build/openjdk/hotspot/src/share/vm/prims/jvm.cpp:1166
Event: 54.273 Thread 0xb6506800 Threw 0x9eefe6c0 at /build/buildd/openjdk-7-7u9-2.3.3/build/openjdk/hotspot/src/share/vm/prims/jvm.cpp:1166
Event: 54.303 Thread 0xb6506800 Threw 0x9efc3b18 at /build/buildd/openjdk-7-7u9-2.3.3/build/openjdk/hotspot/src/share/vm/prims/jvm.cpp:1166
Event: 54.336 Thread 0xb6506800 Threw 0x9f122970 at /build/buildd/openjdk-7-7u9-2.3.3/build/openjdk/hotspot/src/share/vm/prims/jvm.cpp:1166
Event: 54.413 Thread 0xb6506800 Threw 0x9f2db160 at /build/buildd/openjdk-7-7u9-2.3.3/build/openjdk/hotspot/src/share/vm/prims/jvm.cpp:1166
Event: 54.413 Thread 0xb6506800 Threw 0x9f2dfe58 at /build/buildd/openjdk-7-7u9-2.3.3/build/openjdk/hotspot/src/share/vm/prims/jvm.cpp:1166
Event: 54.413 Thread 0xb6506800 Threw 0x9f2e3170 at /build/buildd/openjdk-7-7u9-2.3.3/build/openjdk/hotspot/src/share/vm/prims/jvm.cpp:1166
Event: 54.414 Thread 0xb6506800 Threw 0x9f2e6a88 at /build/buildd/openjdk-7-7u9-2.3.3/build/openjdk/hotspot/src/share/vm/prims/jvm.cpp:1166
Event: 54.414 Thread 0xb6506800 Threw 0x9f2e9550 at /build/buildd/openjdk-7-7u9-2.3.3/build/openjdk/hotspot/src/share/vm/prims/jvm.cpp:1166
Event: 54.414 Thread 0xb6506800 Threw 0x9f2ecd28 at /build/buildd/openjdk-7-7u9-2.3.3/build/openjdk/hotspot/src/share/vm/prims/jvm.cpp:1166

Events (10 events):
Event: 54.413 loading class 0x68384408
Event: 54.413 loading class 0x68384408 done
Event: 54.413 loading class 0x683a0dd8
Event: 54.413 loading class 0x683a0dd8 done
Event: 54.414 loading class 0x68384448
Event: 54.414 loading class 0x68384448 done
Event: 54.414 loading class 0x683cffd8
Event: 54.414 loading class 0x683cffd8 done
Event: 54.414 loading class 0x683a1790
Event: 54.414 loading class 0x683a1790 done


Dynamic libraries:
08048000-08049000 r-xp 00000000 08:01 6432478    /usr/lib/jvm/java-7-openjdk-i386/jre/bin/java
08049000-0804a000 r--p 00000000 08:01 6432478    /usr/lib/jvm/java-7-openjdk-i386/jre/bin/java
0804a000-0804b000 rw-p 00001000 08:01 6432478    /usr/lib/jvm/java-7-openjdk-i386/jre/bin/java
08c55000-08cb7000 rw-p 00000000 00:00 0          [heap]
66b00000-66bef000 rw-p 00000000 00:00 0 
66bef000-66c00000 ---p 00000000 00:00 0 
66c00000-66cc1000 rw-p 00000000 00:00 0 
66cc1000-66d00000 ---p 00000000 00:00 0 
66d00000-66d79000 rw-p 00000000 00:00 0 
66d79000-66e00000 ---p 00000000 00:00 0 
66e00000-66eff000 rw-p 00000000 00:00 0 
66eff000-66f00000 ---p 00000000 00:00 0 
67000000-670f9000 rw-p 00000000 00:00 0 
670f9000-67100000 ---p 00000000 00:00 0 
67100000-671fc000 rw-p 00000000 00:00 0 
671fc000-67200000 ---p 00000000 00:00 0 
67200000-67300000 rw-p 00000000 00:00 0 
67300000-673f2000 rw-p 00000000 00:00 0 
673f2000-67400000 ---p 00000000 00:00 0 
67400000-674f5000 rw-p 00000000 00:00 0 
674f5000-67500000 ---p 00000000 00:00 0 
67500000-675fa000 rw-p 00000000 00:00 0 
675fa000-67600000 ---p 00000000 00:00 0 
67600000-67700000 rw-p 00000000 00:00 0 
67800000-678b1000 rw-p 00000000 00:00 0 
678b1000-67900000 ---p 00000000 00:00 0 
67900000-679e8000 rw-p 00000000 00:00 0 
679e8000-67a00000 ---p 00000000 00:00 0 
67a00000-67afb000 rw-p 00000000 00:00 0 
67afb000-67b00000 ---p 00000000 00:00 0 
67b00000-67bec000 rw-p 00000000 00:00 0 
67bec000-67c00000 ---p 00000000 00:00 0 
67c00000-67d00000 rw-p 00000000 00:00 0 
67d55000-67e4f000 r-xp 00000000 08:01 3153422    /lib/i386-linux-gnu/libglib-2.0.so.0.3400.1
67e4f000-67e50000 r--p 000f9000 08:01 3153422    /lib/i386-linux-gnu/libglib-2.0.so.0.3400.1
67e50000-67e51000 rw-p 000fa000 08:01 3153422    /lib/i386-linux-gnu/libglib-2.0.so.0.3400.1
67e51000-67e9f000 r-xp 00000000 08:01 6291843    /usr/lib/i386-linux-gnu/libgobject-2.0.so.0.3400.1
67e9f000-67ea0000 r--p 0004d000 08:01 6291843    /usr/lib/i386-linux-gnu/libgobject-2.0.so.0.3400.1
67ea0000-67ea1000 rw-p 0004e000 08:01 6291843    /usr/lib/i386-linux-gnu/libgobject-2.0.so.0.3400.1
67ea1000-67ffc000 r-xp 00000000 08:01 6291819    /usr/lib/i386-linux-gnu/libgio-2.0.so.0.3400.1
67ffc000-67ffe000 r--p 0015b000 08:01 6291819    /usr/lib/i386-linux-gnu/libgio-2.0.so.0.3400.1
67ffe000-67fff000 rw-p 0015d000 08:01 6291819    /usr/lib/i386-linux-gnu/libgio-2.0.so.0.3400.1
67fff000-68000000 rw-p 00000000 00:00 0 
68000000-680fa000 rw-p 00000000 00:00 0 
680fa000-68100000 ---p 00000000 00:00 0 
68156000-68194000 r-xp 00000000 08:01 3146509    /lib/i386-linux-gnu/libpcre.so.3.13.1
68194000-68195000 r--p 0003d000 08:01 3146509    /lib/i386-linux-gnu/libpcre.so.3.13.1
68195000-68196000 rw-p 0003e000 08:01 3146509    /lib/i386-linux-gnu/libpcre.so.3.13.1
68196000-681a9000 r-xp 00000000 08:01 3146524    /lib/i386-linux-gnu/libresolv-2.15.so
681a9000-681aa000 r--p 00013000 08:01 3146524    /lib/i386-linux-gnu/libresolv-2.15.so
681aa000-681ab000 rw-p 00014000 08:01 3146524    /lib/i386-linux-gnu/libresolv-2.15.so
681ab000-681ad000 rw-p 00000000 00:00 0 
681ad000-681ae000 ---p 00000000 00:00 0 
681ae000-6822e000 rw-p 00000000 00:00 0          [stack:20580]
6822e000-68231000 ---p 00000000 00:00 0 
68231000-6827f000 rw-p 00000000 00:00 0          [stack:20579]
6827f000-68282000 ---p 00000000 00:00 0 
68282000-68300000 rw-p 00000000 00:00 0          [stack:20578]
68300000-683ff000 rw-p 00000000 00:00 0 
683ff000-68400000 ---p 00000000 00:00 0 
6840f000-6842c000 r-xp 00000000 08:01 3146528    /lib/i386-linux-gnu/libselinux.so.1
6842c000-6842d000 r--p 0001c000 08:01 3146528    /lib/i386-linux-gnu/libselinux.so.1
6842d000-6842e000 rw-p 0001d000 08:01 3146528    /lib/i386-linux-gnu/libselinux.so.1
6842e000-68431000 ---p 00000000 00:00 0 
68431000-684af000 rw-p 00000000 00:00 0          [stack:20577]
684af000-684b2000 ---p 00000000 00:00 0 
684b2000-68500000 rw-p 00000000 00:00 0          [stack:20576]
68500000-68700000 r--p 00000000 08:01 6298865    /usr/lib/locale/locale-archive
68700000-68800000 rw-p 00000000 00:00 0 
68800000-68821000 rw-p 00000000 00:00 0 
68821000-68900000 ---p 00000000 00:00 0 
68900000-68a00000 rw-p 00000000 00:00 0 
68a09000-68a0a000 ---p 00000000 00:00 0 
68a0a000-68ad2000 rw-p 00000000 00:00 0          [stack:20571]
68ad2000-68c7d000 r--s 01cdb000 08:01 6432538    /usr/lib/jvm/java-7-openjdk-i386/jre/lib/rt.jar
68c7d000-6bb00000 rw-p 00000000 00:00 0 
6bb00000-6bbfa000 rw-p 00000000 00:00 0 
6bbfa000-6bc00000 ---p 00000000 00:00 0 
6bc16000-6bc2c000 r-xp 00000000 08:01 6432511    /usr/lib/jvm/java-7-openjdk-i386/jre/lib/i386/libnet.so
6bc2c000-6bc2d000 r--p 00015000 08:01 6432511    /usr/lib/jvm/java-7-openjdk-i386/jre/lib/i386/libnet.so
6bc2d000-6bc2e000 rw-p 00016000 08:01 6432511    /usr/lib/jvm/java-7-openjdk-i386/jre/lib/i386/libnet.so
6bc2e000-6bc31000 ---p 00000000 00:00 0 
6bc31000-6bc7f000 rw-p 00000000 00:00 0          [stack:20573]
6bc7f000-6bc80000 ---p 00000000 00:00 0 
6bc80000-6bd00000 rw-p 00000000 00:00 0          [stack:20570]
6bd00000-6bd21000 rw-p 00000000 00:00 0 
6bd21000-6be00000 ---p 00000000 00:00 0 
6be00000-6be21000 rw-p 00000000 00:00 0 
6be21000-6bf00000 ---p 00000000 00:00 0 
6bf06000-6bf0b000 r-xp 00000000 08:01 6296415    /usr/lib/i386-linux-gnu/libffi.so.6.0.0
6bf0b000-6bf0c000 r--p 00005000 08:01 6296415    /usr/lib/i386-linux-gnu/libffi.so.6.0.0
6bf0c000-6bf0d000 rw-p 00006000 08:01 6296415    /usr/lib/i386-linux-gnu/libffi.so.6.0.0
6bf0d000-6bf10000 r-xp 00000000 08:01 6291838    /usr/lib/i386-linux-gnu/libgmodule-2.0.so.0.3400.1
6bf10000-6bf11000 r--p 00002000 08:01 6291838    /usr/lib/i386-linux-gnu/libgmodule-2.0.so.0.3400.1
6bf11000-6bf12000 rw-p 00003000 08:01 6291838    /usr/lib/i386-linux-gnu/libgmodule-2.0.so.0.3400.1
6bf12000-6bf23000 r-xp 00000000 08:01 6432503    /usr/lib/jvm/java-7-openjdk-i386/jre/lib/i386/libnio.so
6bf23000-6bf24000 r--p 00010000 08:01 6432503    /usr/lib/jvm/java-7-openjdk-i386/jre/lib/i386/libnio.so
6bf24000-6bf25000 rw-p 00011000 08:01 6432503    /usr/lib/jvm/java-7-openjdk-i386/jre/lib/i386/libnio.so
6bf25000-6bf2e000 r--s 000bc000 08:01 6305358    /usr/lib/jvm/java-7-openjdk-common/jre/lib/resources.jar
6bf2e000-6bf31000 ---p 00000000 00:00 0 
6bf31000-6bf7f000 rw-p 00000000 00:00 0          [stack:20572]
6bf7f000-6bf80000 ---p 00000000 00:00 0 
6bf80000-6c000000 rw-p 00000000 00:00 0          [stack:20569]
6c000000-6c021000 rw-p 00000000 00:00 0 
6c021000-6c100000 ---p 00000000 00:00 0 
6c100000-6c10e000 r--s 00126000 08:01 1968410    /home/test/.config/sublime-text-2/Packages/sublime-jslint/jslint4java-2.0.1.jar
6c10e000-6c112000 r--s 00085000 08:01 6304204    /usr/lib/jvm/java-7-openjdk-common/jre/lib/ext/localedata.jar
6c112000-6c114000 r--s 00012000 08:01 6304205    /usr/lib/jvm/java-7-openjdk-common/jre/lib/ext/zipfs.jar
6c114000-6c116000 r--s 00006000 08:01 6830662    /usr/share/java/java-atk-wrapper.jar
6c116000-6c117000 ---p 00000000 00:00 0 
6c117000-6c197000 rw-p 00000000 00:00 0          [stack:20568]
6c197000-6c198000 ---p 00000000 00:00 0 
6c198000-6c220000 rw-p 00000000 00:00 0          [stack:20567]
6c220000-6c258000 rw-p 00000000 00:00 0 
6c258000-6c26d000 rw-p 00000000 00:00 0 
6c26d000-6c3a8000 rw-p 00000000 00:00 0 
6c3a8000-6c3b0000 rw-p 00000000 00:00 0 
6c3b0000-6c3e8000 rw-p 00000000 00:00 0 
6c3e8000-6c3fd000 rw-p 00000000 00:00 0 
6c3fd000-6c537000 rw-p 00000000 00:00 0 
6c537000-6c542000 rw-p 00000000 00:00 0 
6c542000-6c5df000 rw-p 00000000 00:00 0 
6c5df000-6d5e0000 rw-p 00000000 00:00 0 
6d5e0000-745e0000 rw-p 00000000 00:00 0 
745e0000-76fc0000 rw-p 00000000 00:00 0 
76fc0000-9e490000 rw-p 00000000 00:00 0 
9e490000-9f980000 rw-p 00000000 00:00 0 
9f980000-b33e0000 rw-p 00000000 00:00 0 
b33e1000-b33e4000 r--s 0003c000 08:01 6304207    /usr/lib/jvm/java-7-openjdk-common/jre/lib/ext/sunpkcs11.jar
b33e4000-b33ed000 rw-p 00000000 00:00 0 
b33ed000-b34a4000 rw-p 00000000 00:00 0 
b34a4000-b36e4000 rwxp 00000000 00:00 0 
b36e4000-b64a4000 rw-p 00000000 00:00 0 
b64a4000-b64af000 r-xp 00000000 08:01 3146487    /lib/i386-linux-gnu/libnss_files-2.15.so
b64af000-b64b0000 r--p 0000a000 08:01 3146487    /lib/i386-linux-gnu/libnss_files-2.15.so
b64b0000-b64b1000 rw-p 0000b000 08:01 3146487    /lib/i386-linux-gnu/libnss_files-2.15.so
b64b1000-b64bb000 r-xp 00000000 08:01 3146491    /lib/i386-linux-gnu/libnss_nis-2.15.so
b64bb000-b64bc000 r--p 00009000 08:01 3146491    /lib/i386-linux-gnu/libnss_nis-2.15.so
b64bc000-b64bd000 rw-p 0000a000 08:01 3146491    /lib/i386-linux-gnu/libnss_nis-2.15.so
b64bd000-b64d3000 r-xp 00000000 08:01 3146481    /lib/i386-linux-gnu/libnsl-2.15.so
b64d3000-b64d4000 r--p 00015000 08:01 3146481    /lib/i386-linux-gnu/libnsl-2.15.so
b64d4000-b64d5000 rw-p 00016000 08:01 3146481    /lib/i386-linux-gnu/libnsl-2.15.so
b64d5000-b64d7000 rw-p 00000000 00:00 0 
b64d7000-b64fe000 r-xp 00000000 08:01 6432490    /usr/lib/jvm/java-7-openjdk-i386/jre/lib/i386/libjava.so
b64fe000-b64ff000 r--p 00026000 08:01 6432490    /usr/lib/jvm/java-7-openjdk-i386/jre/lib/i386/libjava.so
b64ff000-b6500000 rw-p 00027000 08:01 6432490    /usr/lib/jvm/java-7-openjdk-i386/jre/lib/i386/libjava.so
b6500000-b65fb000 rw-p 00000000 00:00 0 
b65fb000-b6600000 ---p 00000000 00:00 0 
b6602000-b6603000 r--s 00002000 08:01 6304202    /usr/lib/jvm/java-7-openjdk-common/jre/lib/ext/dnsns.jar
b6603000-b6606000 r--s 0000f000 08:01 6304203    /usr/lib/jvm/java-7-openjdk-common/jre/lib/ext/pulse-java.jar
b6606000-b6609000 r--s 00032000 08:01 6304206    /usr/lib/jvm/java-7-openjdk-common/jre/lib/ext/sunjce_provider.jar
b6609000-b6610000 r-xp 00000000 08:01 3146483    /lib/i386-linux-gnu/libnss_compat-2.15.so
b6610000-b6611000 r--p 00006000 08:01 3146483    /lib/i386-linux-gnu/libnss_compat-2.15.so
b6611000-b6612000 rw-p 00007000 08:01 3146483    /lib/i386-linux-gnu/libnss_compat-2.15.so
b6614000-b661c000 r-xp 00000000 08:01 6432506    /usr/lib/jvm/java-7-openjdk-i386/jre/lib/i386/libzip.so
b661c000-b661d000 r--p 00007000 08:01 6432506    /usr/lib/jvm/java-7-openjdk-i386/jre/lib/i386/libzip.so
b661d000-b661e000 rw-p 00008000 08:01 6432506    /usr/lib/jvm/java-7-openjdk-i386/jre/lib/i386/libzip.so
b661e000-b6626000 rw-s 00000000 08:01 6160423    /tmp/hsperfdata_root/20565
b6626000-b662d000 r-xp 00000000 08:01 3146526    /lib/i386-linux-gnu/librt-2.15.so
b662d000-b662e000 r--p 00006000 08:01 3146526    /lib/i386-linux-gnu/librt-2.15.so
b662e000-b662f000 rw-p 00007000 08:01 3146526    /lib/i386-linux-gnu/librt-2.15.so
b662f000-b6632000 ---p 00000000 00:00 0 
b6632000-b6680000 rw-p 00000000 00:00 0          [stack:20566]
b6680000-b669c000 r-xp 00000000 08:01 3146447    /lib/i386-linux-gnu/libgcc_s.so.1
b669c000-b669d000 r--p 0001b000 08:01 3146447    /lib/i386-linux-gnu/libgcc_s.so.1
b669d000-b669e000 rw-p 0001c000 08:01 3146447    /lib/i386-linux-gnu/libgcc_s.so.1
b669e000-b66c8000 r-xp 00000000 08:01 3146464    /lib/i386-linux-gnu/libm-2.15.so
b66c8000-b66c9000 r--p 00029000 08:01 3146464    /lib/i386-linux-gnu/libm-2.15.so
b66c9000-b66ca000 rw-p 0002a000 08:01 3146464    /lib/i386-linux-gnu/libm-2.15.so
b66ca000-b67a6000 r-xp 00000000 08:01 6296860    /usr/lib/i386-linux-gnu/libstdc++.so.6.0.17
b67a6000-b67a7000 ---p 000dc000 08:01 6296860    /usr/lib/i386-linux-gnu/libstdc++.so.6.0.17
b67a7000-b67ab000 r--p 000dc000 08:01 6296860    /usr/lib/i386-linux-gnu/libstdc++.so.6.0.17
b67ab000-b67ac000 rw-p 000e0000 08:01 6296860    /usr/lib/i386-linux-gnu/libstdc++.so.6.0.17
b67ac000-b67b3000 rw-p 00000000 00:00 0 
b67b3000-b70a5000 r-xp 00000000 08:01 6432515    /usr/lib/jvm/java-7-openjdk-i386/jre/lib/i386/server/libjvm.so
b70a5000-b70ec000 r--p 008f1000 08:01 6432515    /usr/lib/jvm/java-7-openjdk-i386/jre/lib/i386/server/libjvm.so
b70ec000-b7100000 rw-p 00938000 08:01 6432515    /usr/lib/jvm/java-7-openjdk-i386/jre/lib/i386/server/libjvm.so
b7100000-b751e000 rw-p 00000000 00:00 0 
b751e000-b7535000 r-xp 00000000 08:01 3146556    /lib/i386-linux-gnu/libz.so.1.2.7
b7535000-b7536000 r--p 00016000 08:01 3146556    /lib/i386-linux-gnu/libz.so.1.2.7
b7536000-b7537000 rw-p 00017000 08:01 3146556    /lib/i386-linux-gnu/libz.so.1.2.7
b7537000-b754e000 r-xp 00000000 08:01 3146518    /lib/i386-linux-gnu/libpthread-2.15.so
b754e000-b754f000 r--p 00016000 08:01 3146518    /lib/i386-linux-gnu/libpthread-2.15.so
b754f000-b7550000 rw-p 00017000 08:01 3146518    /lib/i386-linux-gnu/libpthread-2.15.so
b7550000-b7552000 rw-p 00000000 00:00 0 
b7552000-b7555000 r-xp 00000000 08:01 3146437    /lib/i386-linux-gnu/libdl-2.15.so
b7555000-b7556000 r--p 00002000 08:01 3146437    /lib/i386-linux-gnu/libdl-2.15.so
b7556000-b7557000 rw-p 00003000 08:01 3146437    /lib/i386-linux-gnu/libdl-2.15.so
b7557000-b76fa000 r-xp 00000000 08:01 3146422    /lib/i386-linux-gnu/libc-2.15.so
b76fa000-b76fb000 ---p 001a3000 08:01 3146422    /lib/i386-linux-gnu/libc-2.15.so
b76fb000-b76fd000 r--p 001a3000 08:01 3146422    /lib/i386-linux-gnu/libc-2.15.so
b76fd000-b76fe000 rw-p 001a5000 08:01 3146422    /lib/i386-linux-gnu/libc-2.15.so
b76fe000-b7702000 rw-p 00000000 00:00 0 
b7703000-b7704000 r--p 005e0000 08:01 6298865    /usr/lib/locale/locale-archive
b7704000-b7705000 rw-p 00000000 00:00 0 
b7705000-b7706000 r--p 00000000 00:00 0 
b7706000-b7713000 r-xp 00000000 08:01 6432505    /usr/lib/jvm/java-7-openjdk-i386/jre/lib/i386/libverify.so
b7713000-b7714000 ---p 0000d000 08:01 6432505    /usr/lib/jvm/java-7-openjdk-i386/jre/lib/i386/libverify.so
b7714000-b7715000 r--p 0000d000 08:01 6432505    /usr/lib/jvm/java-7-openjdk-i386/jre/lib/i386/libverify.so
b7715000-b7716000 rw-p 0000e000 08:01 6432505    /usr/lib/jvm/java-7-openjdk-i386/jre/lib/i386/libverify.so
b7716000-b7723000 r-xp 00000000 08:01 6432493    /usr/lib/jvm/java-7-openjdk-i386/jre/lib/i386/jli/libjli.so
b7723000-b7724000 r--p 0000c000 08:01 6432493    /usr/lib/jvm/java-7-openjdk-i386/jre/lib/i386/jli/libjli.so
b7724000-b7725000 rw-p 0000d000 08:01 6432493    /usr/lib/jvm/java-7-openjdk-i386/jre/lib/i386/jli/libjli.so
b7725000-b7727000 rw-p 00000000 00:00 0 
b7727000-b7728000 r-xp 00000000 00:00 0          [vdso]
b7728000-b7748000 r-xp 00000000 08:01 3146400    /lib/i386-linux-gnu/ld-2.15.so
b7748000-b7749000 r--p 0001f000 08:01 3146400    /lib/i386-linux-gnu/ld-2.15.so
b7749000-b774a000 rw-p 00020000 08:01 3146400    /lib/i386-linux-gnu/ld-2.15.so
bfe86000-bfea7000 rw-p 00000000 00:00 0          [stack]

VM Arguments:
java_command: /home/test/.config/sublime-text-2/Packages/sublime-jslint/jslint4java-2.0.1.jar --white /home/test/projects/wawaw/public/assets/js/datatables.configuration.js
Launcher Type: SUN_STANDARD

Environment Variables:
PATH=/usr/local/sbin:/usr/local/bin:/usr/sbin:/usr/bin:/sbin:/bin
USERNAME=root
SHELL=/bin/bash
DISPLAY=:0

Signal Handlers:
SIGSEGV: [libjvm.so+0x756f80], sa_mask[0]=0x7ffbfeff, sa_flags=0x10000004
SIGBUS: [libjvm.so+0x756f80], sa_mask[0]=0x7ffbfeff, sa_flags=0x10000004
SIGFPE: [libjvm.so+0x5f3cd0], sa_mask[0]=0x7ffbfeff, sa_flags=0x10000004
SIGPIPE: [libjvm.so+0x5f3cd0], sa_mask[0]=0x7ffbfeff, sa_flags=0x10000004
SIGXFSZ: [libjvm.so+0x5f3cd0], sa_mask[0]=0x7ffbfeff, sa_flags=0x10000004
SIGILL: [libjvm.so+0x5f3cd0], sa_mask[0]=0x7ffbfeff, sa_flags=0x10000004
SIGUSR1: SIG_DFL, sa_mask[0]=0x00000000, sa_flags=0x00000000
SIGUSR2: [libjvm.so+0x5f3b80], sa_mask[0]=0x00000000, sa_flags=0x10000004
SIGHUP: [libjvm.so+0x5f3f90], sa_mask[0]=0x7ffbfeff, sa_flags=0x10000004
SIGINT: [libjvm.so+0x5f3f90], sa_mask[0]=0x7ffbfeff, sa_flags=0x10000004
SIGTERM: [libjvm.so+0x5f3f90], sa_mask[0]=0x7ffbfeff, sa_flags=0x10000004
SIGQUIT: [libjvm.so+0x5f3f90], sa_mask[0]=0x7ffbfeff, sa_flags=0x10000004


---------------  S Y S T E M  ---------------

OS:Ubuntu 12.10 (quantal)
uname:Linux 3.5.0-21-generic #32-Ubuntu SMP Tue Dec 11 18:52:46 UTC 2012 i686
libc:glibc 2.15 NPTL 2.15 
rlimit: STACK 8192k, CORE 0k, NPROC 32022, NOFILE 4096, AS infinity
load average:6.47 3.60 2.05

/proc/meminfo:
MemTotal:        4114400 kB
MemFree:          200396 kB
Buffers:            2664 kB
Cached:            80368 kB
SwapCached:            0 kB
Active:          3703296 kB
Inactive:          44088 kB
Active(anon):    3675104 kB
Inactive(anon):    14928 kB
Active(file):      28192 kB
Inactive(file):    29160 kB
Unevictable:       31236 kB
Mlocked:           31248 kB
HighTotal:       3263540 kB
HighFree:          35828 kB
LowTotal:         850860 kB
LowFree:          164568 kB
SwapTotal:             0 kB
SwapFree:              0 kB
Dirty:                16 kB
Writeback:            16 kB
AnonPages:       3696044 kB
Mapped:            57276 kB
Shmem:             19376 kB
Slab:              61488 kB
SReclaimable:      36496 kB
SUnreclaim:        24992 kB
KernelStack:        6056 kB
PageTables:        32716 kB
NFS_Unstable:          0 kB
Bounce:             1100 kB
WritebackTmp:          0 kB
CommitLimit:     2057200 kB
Committed_AS:    8762420 kB
VmallocTotal:     122880 kB
VmallocUsed:       50244 kB
VmallocChunk:      31864 kB
HardwareCorrupted:     0 kB
AnonHugePages:         0 kB
HugePages_Total:       0
HugePages_Free:        0
HugePages_Rsvd:        0
HugePages_Surp:        0
Hugepagesize:       2048 kB
DirectMap4k:        8184 kB
DirectMap2M:      905216 kB


CPU:total 4 (4 cores per cpu, 1 threads per core) family 6 model 42 stepping 7, cmov, cx8, fxsr, mmx, sse, sse2, sse3, ssse3, sse4.1, sse4.2, popcnt, avx, tsc, tscinvbit

/proc/cpuinfo:
processor	: 0
vendor_id	: GenuineIntel
cpu family	: 6
model		: 42
model name	: Intel(R) Core(TM) i5-2300 CPU @ 2.80GHz
stepping	: 7
microcode	: 0x14
cpu MHz		: 2400.000
cache size	: 6144 KB
physical id	: 0
siblings	: 4
core id		: 0
cpu cores	: 4
apicid		: 0
initial apicid	: 0
fdiv_bug	: no
hlt_bug		: no
f00f_bug	: no
coma_bug	: no
fpu		: yes
fpu_exception	: yes
cpuid level	: 13
wp		: yes
flags		: fpu vme de pse tsc msr pae mce cx8 apic sep mtrr pge mca cmov pat pse36 clflush dts acpi mmx fxsr sse sse2 ss ht tm pbe nx rdtscp lm constant_tsc arch_perfmon pebs bts xtopology nonstop_tsc aperfmperf pni pclmulqdq dtes64 monitor ds_cpl vmx est tm2 ssse3 cx16 xtpr pdcm pcid sse4_1 sse4_2 popcnt tsc_deadline_timer aes xsave avx lahf_lm ida arat epb xsaveopt pln pts dtherm tpr_shadow vnmi flexpriority ept vpid
bogomips	: 5587.06
clflush size	: 64
cache_alignment	: 64
address sizes	: 36 bits physical, 48 bits virtual
power management:

processor	: 1
vendor_id	: GenuineIntel
cpu family	: 6
model		: 42
model name	: Intel(R) Core(TM) i5-2300 CPU @ 2.80GHz
stepping	: 7
microcode	: 0x14
cpu MHz		: 2801.000
cache size	: 6144 KB
physical id	: 0
siblings	: 4
core id		: 1
cpu cores	: 4
apicid		: 2
initial apicid	: 2
fdiv_bug	: no
hlt_bug		: no
f00f_bug	: no
coma_bug	: no
fpu		: yes
fpu_exception	: yes
cpuid level	: 13
wp		: yes
flags		: fpu vme de pse tsc msr pae mce cx8 apic sep mtrr pge mca cmov pat pse36 clflush dts acpi mmx fxsr sse sse2 ss ht tm pbe nx rdtscp lm constant_tsc arch_perfmon pebs bts xtopology nonstop_tsc aperfmperf pni pclmulqdq dtes64 monitor ds_cpl vmx est tm2 ssse3 cx16 xtpr pdcm pcid sse4_1 sse4_2 popcnt tsc_deadline_timer aes xsave avx lahf_lm ida arat epb xsaveopt pln pts dtherm tpr_shadow vnmi flexpriority ept vpid
bogomips	: 5587.06
clflush size	: 64
cache_alignment	: 64
address sizes	: 36 bits physical, 48 bits virtual
power management:

processor	: 2
vendor_id	: GenuineIntel
cpu family	: 6
model		: 42
model name	: Intel(R) Core(TM) i5-2300 CPU @ 2.80GHz
stepping	: 7
microcode	: 0x14
cpu MHz		: 2500.000
cache size	: 6144 KB
physical id	: 0
siblings	: 4
core id		: 2
cpu cores	: 4
apicid		: 4
initial apicid	: 4
fdiv_bug	: no
hlt_bug		: no
f00f_bug	: no
coma_bug	: no
fpu		: yes
fpu_exception	: yes
cpuid level	: 13
wp		: yes
flags		: fpu vme de pse tsc msr pae mce cx8 apic sep mtrr pge mca cmov pat pse36 clflush dts acpi mmx fxsr sse sse2 ss ht tm pbe nx rdtscp lm constant_tsc arch_perfmon pebs bts xtopology nonstop_tsc aperfmperf pni pclmulqdq dtes64 monitor ds_cpl vmx est tm2 ssse3 cx16 xtpr pdcm pcid sse4_1 sse4_2 popcnt tsc_deadline_timer aes xsave avx lahf_lm ida arat epb xsaveopt pln pts dtherm tpr_shadow vnmi flexpriority ept vpid
bogomips	: 5587.06
clflush size	: 64
cache_alignment	: 64
address sizes	: 36 bits physical, 48 bits virtual
power management:

processor	: 3
vendor_id	: GenuineIntel
cpu family	: 6
model		: 42
model name	: Intel(R) Core(TM) i5-2300 CPU @ 2.80GHz
stepping	: 7
microcode	: 0x14
cpu MHz		: 1800.000
cache size	: 6144 KB
physical id	: 0
siblings	: 4
core id		: 3
cpu cores	: 4
apicid		: 6
initial apicid	: 6
fdiv_bug	: no
hlt_bug		: no
f00f_bug	: no
coma_bug	: no
fpu		: yes
fpu_exception	: yes
cpuid level	: 13
wp		: yes
flags		: fpu vme de pse tsc msr pae mce cx8 apic sep mtrr pge mca cmov pat pse36 clflush dts acpi mmx fxsr sse sse2 ss ht tm pbe nx rdtscp lm constant_tsc arch_perfmon pebs bts xtopology nonstop_tsc aperfmperf pni pclmulqdq dtes64 monitor ds_cpl vmx est tm2 ssse3 cx16 xtpr pdcm pcid sse4_1 sse4_2 popcnt tsc_deadline_timer aes xsave avx lahf_lm ida arat epb xsaveopt pln pts dtherm tpr_shadow vnmi flexpriority ept vpid
bogomips	: 5587.06
clflush size	: 64
cache_alignment	: 64
address sizes	: 36 bits physical, 48 bits virtual
power management:



Memory: 4k page, physical 4114400k(200396k free), swap 0k(0k free)

vm_info: OpenJDK Server VM (23.2-b09) for linux-x86 JRE (1.7.0_09-b30), built on Oct 24 2012 18:03:08 by "buildd" with gcc 4.7.2

time: Fri Jan 18 11:22:25 2013
elapsed time: 55 seconds

